2015-10-29 11:51:19.778  INFO 7677 --- [main] com.example.ExampleApplication           : Starting ExampleApplication on charvey-a3k-thinkpad with PID 7677 (/home/charvey/workspace/spring-boot-undertow-bug/target/classes started by charvey in /home/charvey/workspace/spring-boot-undertow-bug)
2015-10-29 11:51:19.823  INFO 7677 --- [main] ationConfigEmbeddedWebApplicationContext : Refreshing org.springframework.boot.context.embedded.AnnotationConfigEmbeddedWebApplicationContext@6d2a209c: startup date [Thu Oct 29 11:51:19 EDT 2015]; root of context hierarchy
2015-10-29 11:51:20.483  INFO 7677 --- [main] o.s.b.f.s.DefaultListableBeanFactory     : Overriding bean definition for bean 'beanNameViewResolver' with a different definition: replacing [Root bean: class [null]; scope=; abstract=false; lazyInit=false; autowireMode=3; dependencyCheck=0; autowireCandidate=true; primary=false; factoryBeanName=org.springframework.boot.autoconfigure.web.ErrorMvcAutoConfiguration$WhitelabelErrorViewConfiguration; factoryMethodName=beanNameViewResolver; initMethodName=null; destroyMethodName=(inferred); defined in class path resource [org/springframework/boot/autoconfigure/web/ErrorMvcAutoConfiguration$WhitelabelErrorViewConfiguration.class]] with [Root bean: class [null]; scope=; abstract=false; lazyInit=false; autowireMode=3; dependencyCheck=0; autowireCandidate=true; primary=false; factoryBeanName=org.springframework.boot.autoconfigure.web.WebMvcAutoConfiguration$WebMvcAutoConfigurationAdapter; factoryMethodName=beanNameViewResolver; initMethodName=null; destroyMethodName=(inferred); defined in class path resource [org/springframework/boot/autoconfigure/web/WebMvcAutoConfiguration$WebMvcAutoConfigurationAdapter.class]]
2015-10-29 11:51:21.067  WARN 7677 --- [main] io.undertow.websockets.jsr               : UT026009: XNIO worker was not set on WebSocketDeploymentInfo, the default worker will be used
2015-10-29 11:51:21.080  INFO 7677 --- [main] org.xnio                                 : XNIO version 3.3.1.Final
2015-10-29 11:51:21.093  INFO 7677 --- [main] org.xnio.nio                             : XNIO NIO Implementation Version 3.3.1.Final
2015-10-29 11:51:21.127  WARN 7677 --- [main] io.undertow.websockets.jsr               : UT026010: Buffer pool was not set on WebSocketDeploymentInfo, the default pool will be used
2015-10-29 11:51:21.144  INFO 7677 --- [main] io.undertow.servlet                      : Initializing Spring embedded WebApplicationContext
2015-10-29 11:51:21.145  INFO 7677 --- [main] o.s.web.context.ContextLoader            : Root WebApplicationContext: initialization completed in 1324 ms
2015-10-29 11:51:21.691  INFO 7677 --- [main] o.s.b.c.e.ServletRegistrationBean        : Mapping servlet: 'dispatcherServlet' to [/]
2015-10-29 11:51:21.696  INFO 7677 --- [main] o.s.b.c.embedded.FilterRegistrationBean  : Mapping filter: 'metricFilter' to: [/*]
2015-10-29 11:51:21.697  INFO 7677 --- [main] o.s.b.c.embedded.FilterRegistrationBean  : Mapping filter: 'characterEncodingFilter' to: [/*]
2015-10-29 11:51:21.697  INFO 7677 --- [main] o.s.b.c.embedded.FilterRegistrationBean  : Mapping filter: 'hiddenHttpMethodFilter' to: [/*]
2015-10-29 11:51:21.697  INFO 7677 --- [main] o.s.b.c.embedded.FilterRegistrationBean  : Mapping filter: 'httpPutFormContentFilter' to: [/*]
2015-10-29 11:51:21.697  INFO 7677 --- [main] o.s.b.c.embedded.FilterRegistrationBean  : Mapping filter: 'webRequestLoggingFilter' to: [/*]
2015-10-29 11:51:21.698  INFO 7677 --- [main] o.s.b.c.embedded.FilterRegistrationBean  : Mapping filter: 'applicationContextIdFilter' to: [/*]
2015-10-29 11:51:21.912  INFO 7677 --- [main] s.w.s.m.m.a.RequestMappingHandlerAdapter : Looking for @ControllerAdvice: org.springframework.boot.context.embedded.AnnotationConfigEmbeddedWebApplicationContext@6d2a209c: startup date [Thu Oct 29 11:51:19 EDT 2015]; root of context hierarchy
2015-10-29 11:51:21.968  INFO 7677 --- [main] s.w.s.m.m.a.RequestMappingHandlerMapping : Mapped "{[/hello/{text}],methods=[GET]}" onto public final java.util.concurrent.Callable<java.lang.String> com.example.endpoints.HelloEndpoints.there(java.lang.String)
2015-10-29 11:51:21.971  INFO 7677 --- [main] s.w.s.m.m.a.RequestMappingHandlerMapping : Mapped "{[/error],produces=[text/html]}" onto public org.springframework.web.servlet.ModelAndView org.springframework.boot.autoconfigure.web.BasicErrorController.errorHtml(javax.servlet.http.HttpServletRequest)
2015-10-29 11:51:21.971  INFO 7677 --- [main] s.w.s.m.m.a.RequestMappingHandlerMapping : Mapped "{[/error]}" onto public org.springframework.http.ResponseEntity<java.util.Map<java.lang.String, java.lang.Object>> org.springframework.boot.autoconfigure.web.BasicErrorController.error(javax.servlet.http.HttpServletRequest)
2015-10-29 11:51:21.993  INFO 7677 --- [main] o.s.w.s.handler.SimpleUrlHandlerMapping  : Mapped URL path [/webjars/**] onto handler of type [class org.springframework.web.servlet.resource.ResourceHttpRequestHandler]
2015-10-29 11:51:21.994  INFO 7677 --- [main] o.s.w.s.handler.SimpleUrlHandlerMapping  : Mapped URL path [/**] onto handler of type [class org.springframework.web.servlet.resource.ResourceHttpRequestHandler]
2015-10-29 11:51:22.027  INFO 7677 --- [main] o.s.w.s.handler.SimpleUrlHandlerMapping  : Mapped URL path [/**/favicon.ico] onto handler of type [class org.springframework.web.servlet.resource.ResourceHttpRequestHandler]
2015-10-29 11:51:22.372  INFO 7677 --- [main] o.s.b.a.e.mvc.EndpointHandlerMapping     : Mapped "{[/actuator/trace],methods=[GET]}" onto public java.lang.Object org.springframework.boot.actuate.endpoint.mvc.EndpointMvcAdapter.invoke()
2015-10-29 11:51:22.373  INFO 7677 --- [main] o.s.b.a.e.mvc.EndpointHandlerMapping     : Mapped "{[/actuator/env/{name:.*}],methods=[GET]}" onto public java.lang.Object org.springframework.boot.actuate.endpoint.mvc.EnvironmentMvcEndpoint.value(java.lang.String)
2015-10-29 11:51:22.374  INFO 7677 --- [main] o.s.b.a.e.mvc.EndpointHandlerMapping     : Mapped "{[/actuator/env],methods=[GET]}" onto public java.lang.Object org.springframework.boot.actuate.endpoint.mvc.EndpointMvcAdapter.invoke()
2015-10-29 11:51:22.374  INFO 7677 --- [main] o.s.b.a.e.mvc.EndpointHandlerMapping     : Mapped "{[/actuator/beans],methods=[GET]}" onto public java.lang.Object org.springframework.boot.actuate.endpoint.mvc.EndpointMvcAdapter.invoke()
2015-10-29 11:51:22.375  INFO 7677 --- [main] o.s.b.a.e.mvc.EndpointHandlerMapping     : Mapped "{[/actuator/configprops],methods=[GET]}" onto public java.lang.Object org.springframework.boot.actuate.endpoint.mvc.EndpointMvcAdapter.invoke()
2015-10-29 11:51:22.376  INFO 7677 --- [main] o.s.b.a.e.mvc.EndpointHandlerMapping     : Mapped "{[/actuator/health]}" onto public java.lang.Object org.springframework.boot.actuate.endpoint.mvc.HealthMvcEndpoint.invoke(java.security.Principal)
2015-10-29 11:51:22.376  INFO 7677 --- [main] o.s.b.a.e.mvc.EndpointHandlerMapping     : Mapped "{[/actuator/autoconfig],methods=[GET]}" onto public java.lang.Object org.springframework.boot.actuate.endpoint.mvc.EndpointMvcAdapter.invoke()
2015-10-29 11:51:22.377  INFO 7677 --- [main] o.s.b.a.e.mvc.EndpointHandlerMapping     : Mapped "{[/actuator/metrics/{name:.*}],methods=[GET]}" onto public java.lang.Object org.springframework.boot.actuate.endpoint.mvc.MetricsMvcEndpoint.value(java.lang.String)
2015-10-29 11:51:22.377  INFO 7677 --- [main] o.s.b.a.e.mvc.EndpointHandlerMapping     : Mapped "{[/actuator/metrics],methods=[GET]}" onto public java.lang.Object org.springframework.boot.actuate.endpoint.mvc.EndpointMvcAdapter.invoke()
2015-10-29 11:51:22.378  INFO 7677 --- [main] o.s.b.a.e.mvc.EndpointHandlerMapping     : Mapped "{[/actuator/logfile],methods=[GET]}" onto public org.springframework.http.ResponseEntity<?> org.springframework.boot.actuate.endpoint.mvc.LogFileMvcEndpoint.invoke() throws java.io.IOException
2015-10-29 11:51:22.378  INFO 7677 --- [main] o.s.b.a.e.mvc.EndpointHandlerMapping     : Mapped "{[/actuator/logfile],methods=[HEAD]}" onto public org.springframework.http.ResponseEntity<?> org.springframework.boot.actuate.endpoint.mvc.LogFileMvcEndpoint.available()
2015-10-29 11:51:22.381  INFO 7677 --- [main] o.s.b.a.e.mvc.EndpointHandlerMapping     : Mapped "{[/actuator/info],methods=[GET]}" onto public java.lang.Object org.springframework.boot.actuate.endpoint.mvc.EndpointMvcAdapter.invoke()
2015-10-29 11:51:22.382  INFO 7677 --- [main] o.s.b.a.e.mvc.EndpointHandlerMapping     : Mapped "{[/actuator/mappings],methods=[GET]}" onto public java.lang.Object org.springframework.boot.actuate.endpoint.mvc.EndpointMvcAdapter.invoke()
2015-10-29 11:51:22.382  INFO 7677 --- [main] o.s.b.a.e.mvc.EndpointHandlerMapping     : Mapped "{[/actuator/dump],methods=[GET]}" onto public java.lang.Object org.springframework.boot.actuate.endpoint.mvc.EndpointMvcAdapter.invoke()
2015-10-29 11:51:22.509  INFO 7677 --- [main] o.s.j.e.a.AnnotationMBeanExporter        : Registering beans for JMX exposure on startup
2015-10-29 11:51:22.522  INFO 7677 --- [main] o.s.c.support.DefaultLifecycleProcessor  : Starting beans in phase 0
2015-10-29 11:51:22.676  INFO 7677 --- [main] b.c.e.u.UndertowEmbeddedServletContainer : Undertow started on port(s) 2112 (http)
2015-10-29 11:51:22.690  INFO 7677 --- [main] com.example.ExampleApplication           : Started ExampleApplication in 3.176 seconds (JVM running for 3.502)
2015-10-29 11:51:52.677  INFO 7677 --- [XNIO-3 task-1] io.undertow.servlet                      : Initializing Spring FrameworkServlet 'dispatcherServlet'
2015-10-29 11:51:52.677  INFO 7677 --- [XNIO-3 task-1] o.s.web.servlet.DispatcherServlet        : FrameworkServlet 'dispatcherServlet': initialization started
2015-10-29 11:51:52.686  INFO 7677 --- [XNIO-3 task-1] o.s.web.servlet.DispatcherServlet        : FrameworkServlet 'dispatcherServlet': initialization completed in 9 ms
2015-10-29 11:52:54.934  INFO 7677 --- [RMI TCP Connection(2)-127.0.0.1] inMXBeanRegistrar$SpringApplicationAdmin : Application shutdown requested.
2015-10-29 11:52:54.935  INFO 7677 --- [RMI TCP Connection(2)-127.0.0.1] ationConfigEmbeddedWebApplicationContext : Closing org.springframework.boot.context.embedded.AnnotationConfigEmbeddedWebApplicationContext@6d2a209c: startup date [Thu Oct 29 11:51:19 EDT 2015]; root of context hierarchy
2015-10-29 11:52:54.936  INFO 7677 --- [RMI TCP Connection(2)-127.0.0.1] o.s.c.support.DefaultLifecycleProcessor  : Stopping beans in phase 0
2015-10-29 11:52:54.940  INFO 7677 --- [RMI TCP Connection(2)-127.0.0.1] o.s.j.e.a.AnnotationMBeanExporter        : Unregistering JMX-exposed beans on shutdown
2015-10-29 11:52:54.944  INFO 7677 --- [RMI TCP Connection(2)-127.0.0.1] io.undertow.servlet                      : Destroying Spring FrameworkServlet 'dispatcherServlet'


2015-10-29 11:53:20.075  INFO 7796 --- [main] com.example.ExampleApplication           : Starting ExampleApplication on charvey-a3k-thinkpad with PID 7796 (/home/charvey/workspace/spring-boot-undertow-bug/target/classes started by charvey in /home/charvey/workspace/spring-boot-undertow-bug)
2015-10-29 11:53:20.115  INFO 7796 --- [main] ationConfigEmbeddedWebApplicationContext : Refreshing org.springframework.boot.context.embedded.AnnotationConfigEmbeddedWebApplicationContext@7f010382: startup date [Thu Oct 29 11:53:20 EDT 2015]; root of context hierarchy
2015-10-29 11:53:20.770  INFO 7796 --- [main] o.s.b.f.s.DefaultListableBeanFactory     : Overriding bean definition for bean 'beanNameViewResolver' with a different definition: replacing [Root bean: class [null]; scope=; abstract=false; lazyInit=false; autowireMode=3; dependencyCheck=0; autowireCandidate=true; primary=false; factoryBeanName=org.springframework.boot.autoconfigure.web.ErrorMvcAutoConfiguration$WhitelabelErrorViewConfiguration; factoryMethodName=beanNameViewResolver; initMethodName=null; destroyMethodName=(inferred); defined in class path resource [org/springframework/boot/autoconfigure/web/ErrorMvcAutoConfiguration$WhitelabelErrorViewConfiguration.class]] with [Root bean: class [null]; scope=; abstract=false; lazyInit=false; autowireMode=3; dependencyCheck=0; autowireCandidate=true; primary=false; factoryBeanName=org.springframework.boot.autoconfigure.web.WebMvcAutoConfiguration$WebMvcAutoConfigurationAdapter; factoryMethodName=beanNameViewResolver; initMethodName=null; destroyMethodName=(inferred); defined in class path resource [org/springframework/boot/autoconfigure/web/WebMvcAutoConfiguration$WebMvcAutoConfigurationAdapter.class]]
2015-10-29 11:53:21.410  WARN 7796 --- [main] io.undertow.websockets.jsr               : UT026009: XNIO worker was not set on WebSocketDeploymentInfo, the default worker will be used
2015-10-29 11:53:21.423  INFO 7796 --- [main] org.xnio                                 : XNIO version 3.3.1.Final
2015-10-29 11:53:21.437  INFO 7796 --- [main] org.xnio.nio                             : XNIO NIO Implementation Version 3.3.1.Final
2015-10-29 11:53:21.473  WARN 7796 --- [main] io.undertow.websockets.jsr               : UT026010: Buffer pool was not set on WebSocketDeploymentInfo, the default pool will be used
2015-10-29 11:53:21.489  INFO 7796 --- [main] io.undertow.servlet                      : Initializing Spring embedded WebApplicationContext
2015-10-29 11:53:21.489  INFO 7796 --- [main] o.s.web.context.ContextLoader            : Root WebApplicationContext: initialization completed in 1377 ms
2015-10-29 11:53:22.059  INFO 7796 --- [main] o.s.b.c.e.ServletRegistrationBean        : Mapping servlet: 'dispatcherServlet' to [/]
2015-10-29 11:53:22.064  INFO 7796 --- [main] o.s.b.c.embedded.FilterRegistrationBean  : Mapping filter: 'metricFilter' to: [/*]
2015-10-29 11:53:22.065  INFO 7796 --- [main] o.s.b.c.embedded.FilterRegistrationBean  : Mapping filter: 'characterEncodingFilter' to: [/*]
2015-10-29 11:53:22.065  INFO 7796 --- [main] o.s.b.c.embedded.FilterRegistrationBean  : Mapping filter: 'hiddenHttpMethodFilter' to: [/*]
2015-10-29 11:53:22.065  INFO 7796 --- [main] o.s.b.c.embedded.FilterRegistrationBean  : Mapping filter: 'httpPutFormContentFilter' to: [/*]
2015-10-29 11:53:22.065  INFO 7796 --- [main] o.s.b.c.embedded.FilterRegistrationBean  : Mapping filter: 'webRequestLoggingFilter' to: [/*]
2015-10-29 11:53:22.065  INFO 7796 --- [main] o.s.b.c.embedded.FilterRegistrationBean  : Mapping filter: 'applicationContextIdFilter' to: [/*]
2015-10-29 11:53:22.286  INFO 7796 --- [main] s.w.s.m.m.a.RequestMappingHandlerAdapter : Looking for @ControllerAdvice: org.springframework.boot.context.embedded.AnnotationConfigEmbeddedWebApplicationContext@7f010382: startup date [Thu Oct 29 11:53:20 EDT 2015]; root of context hierarchy
2015-10-29 11:53:22.346  INFO 7796 --- [main] s.w.s.m.m.a.RequestMappingHandlerMapping : Mapped "{[/hello/{text}],methods=[GET]}" onto public final java.util.concurrent.Callable<java.lang.String> com.example.endpoints.HelloEndpoints.there(java.lang.String)
2015-10-29 11:53:22.349  INFO 7796 --- [main] s.w.s.m.m.a.RequestMappingHandlerMapping : Mapped "{[/error],produces=[text/html]}" onto public org.springframework.web.servlet.ModelAndView org.springframework.boot.autoconfigure.web.BasicErrorController.errorHtml(javax.servlet.http.HttpServletRequest)
2015-10-29 11:53:22.349  INFO 7796 --- [main] s.w.s.m.m.a.RequestMappingHandlerMapping : Mapped "{[/error]}" onto public org.springframework.http.ResponseEntity<java.util.Map<java.lang.String, java.lang.Object>> org.springframework.boot.autoconfigure.web.BasicErrorController.error(javax.servlet.http.HttpServletRequest)
2015-10-29 11:53:22.376  INFO 7796 --- [main] o.s.w.s.handler.SimpleUrlHandlerMapping  : Mapped URL path [/webjars/**] onto handler of type [class org.springframework.web.servlet.resource.ResourceHttpRequestHandler]
2015-10-29 11:53:22.376  INFO 7796 --- [main] o.s.w.s.handler.SimpleUrlHandlerMapping  : Mapped URL path [/**] onto handler of type [class org.springframework.web.servlet.resource.ResourceHttpRequestHandler]
2015-10-29 11:53:22.434  INFO 7796 --- [main] o.s.w.s.handler.SimpleUrlHandlerMapping  : Mapped URL path [/**/favicon.ico] onto handler of type [class org.springframework.web.servlet.resource.ResourceHttpRequestHandler]
2015-10-29 11:53:22.820  INFO 7796 --- [main] o.s.j.e.a.AnnotationMBeanExporter        : Registering beans for JMX exposure on startup
2015-10-29 11:53:22.850  INFO 7796 --- [main] ationConfigEmbeddedWebApplicationContext : Refreshing org.springframework.boot.context.embedded.AnnotationConfigEmbeddedWebApplicationContext@37b57b54: startup date [Thu Oct 29 11:53:22 EDT 2015]; parent: org.springframework.boot.context.embedded.AnnotationConfigEmbeddedWebApplicationContext@7f010382
2015-10-29 11:53:22.885  INFO 7796 --- [main] o.s.b.f.s.DefaultListableBeanFactory     : Overriding bean definition for bean 'handlerExceptionResolver' with a different definition: replacing [Root bean: class [null]; scope=; abstract=false; lazyInit=false; autowireMode=3; dependencyCheck=0; autowireCandidate=true; primary=false; factoryBeanName=org.springframework.web.servlet.config.annotation.DelegatingWebMvcConfiguration; factoryMethodName=handlerExceptionResolver; initMethodName=null; destroyMethodName=(inferred); defined in class org.springframework.web.servlet.config.annotation.DelegatingWebMvcConfiguration] with [Root bean: class [null]; scope=; abstract=false; lazyInit=false; autowireMode=3; dependencyCheck=0; autowireCandidate=true; primary=false; factoryBeanName=endpointWebMvcChildContextConfiguration; factoryMethodName=compositeHandlerExceptionResolver; initMethodName=null; destroyMethodName=(inferred); defined in org.springframework.boot.actuate.autoconfigure.EndpointWebMvcChildContextConfiguration]
2015-10-29 11:53:22.930  INFO 7796 --- [main] io.undertow.servlet                      : Initializing Spring embedded WebApplicationContext
2015-10-29 11:53:22.930  INFO 7796 --- [main] o.s.web.context.ContextLoader            : Root WebApplicationContext: initialization completed in 80 ms
2015-10-29 11:53:22.934  INFO 7796 --- [main] o.s.b.c.e.ServletRegistrationBean        : Mapping servlet: 'dispatcherServlet' to [/]
2015-10-29 11:53:22.997  INFO 7796 --- [main] o.s.b.a.e.mvc.EndpointHandlerMapping     : Mapped "{[/actuator/beans],methods=[GET]}" onto public java.lang.Object org.springframework.boot.actuate.endpoint.mvc.EndpointMvcAdapter.invoke()
2015-10-29 11:53:22.997  INFO 7796 --- [main] o.s.b.a.e.mvc.EndpointHandlerMapping     : Mapped "{[/actuator/trace],methods=[GET]}" onto public java.lang.Object org.springframework.boot.actuate.endpoint.mvc.EndpointMvcAdapter.invoke()
2015-10-29 11:53:22.998  INFO 7796 --- [main] o.s.b.a.e.mvc.EndpointHandlerMapping     : Mapped "{[/actuator/info],methods=[GET]}" onto public java.lang.Object org.springframework.boot.actuate.endpoint.mvc.EndpointMvcAdapter.invoke()
2015-10-29 11:53:22.999  INFO 7796 --- [main] o.s.b.a.e.mvc.EndpointHandlerMapping     : Mapped "{[/actuator/logfile],methods=[GET]}" onto public org.springframework.http.ResponseEntity<?> org.springframework.boot.actuate.endpoint.mvc.LogFileMvcEndpoint.invoke() throws java.io.IOException
2015-10-29 11:53:22.999  INFO 7796 --- [main] o.s.b.a.e.mvc.EndpointHandlerMapping     : Mapped "{[/actuator/logfile],methods=[HEAD]}" onto public org.springframework.http.ResponseEntity<?> org.springframework.boot.actuate.endpoint.mvc.LogFileMvcEndpoint.available()
2015-10-29 11:53:23.000  INFO 7796 --- [main] o.s.b.a.e.mvc.EndpointHandlerMapping     : Mapped "{[/actuator/metrics/{name:.*}],methods=[GET]}" onto public java.lang.Object org.springframework.boot.actuate.endpoint.mvc.MetricsMvcEndpoint.value(java.lang.String)
2015-10-29 11:53:23.000  INFO 7796 --- [main] o.s.b.a.e.mvc.EndpointHandlerMapping     : Mapped "{[/actuator/metrics],methods=[GET]}" onto public java.lang.Object org.springframework.boot.actuate.endpoint.mvc.EndpointMvcAdapter.invoke()
2015-10-29 11:53:23.001  INFO 7796 --- [main] o.s.b.a.e.mvc.EndpointHandlerMapping     : Mapped "{[/actuator/env/{name:.*}],methods=[GET]}" onto public java.lang.Object org.springframework.boot.actuate.endpoint.mvc.EnvironmentMvcEndpoint.value(java.lang.String)
2015-10-29 11:53:23.001  INFO 7796 --- [main] o.s.b.a.e.mvc.EndpointHandlerMapping     : Mapped "{[/actuator/env],methods=[GET]}" onto public java.lang.Object org.springframework.boot.actuate.endpoint.mvc.EndpointMvcAdapter.invoke()
2015-10-29 11:53:23.002  INFO 7796 --- [main] o.s.b.a.e.mvc.EndpointHandlerMapping     : Mapped "{[/actuator/health]}" onto public java.lang.Object org.springframework.boot.actuate.endpoint.mvc.HealthMvcEndpoint.invoke(java.security.Principal)
2015-10-29 11:53:23.002  INFO 7796 --- [main] o.s.b.a.e.mvc.EndpointHandlerMapping     : Mapped "{[/actuator/dump],methods=[GET]}" onto public java.lang.Object org.springframework.boot.actuate.endpoint.mvc.EndpointMvcAdapter.invoke()
2015-10-29 11:53:23.004  INFO 7796 --- [main] o.s.b.a.e.mvc.EndpointHandlerMapping     : Mapped "{[/actuator/configprops],methods=[GET]}" onto public java.lang.Object org.springframework.boot.actuate.endpoint.mvc.EndpointMvcAdapter.invoke()
2015-10-29 11:53:23.005  INFO 7796 --- [main] o.s.b.a.e.mvc.EndpointHandlerMapping     : Mapped "{[/actuator/mappings],methods=[GET]}" onto public java.lang.Object org.springframework.boot.actuate.endpoint.mvc.EndpointMvcAdapter.invoke()
2015-10-29 11:53:23.006  INFO 7796 --- [main] o.s.b.a.e.mvc.EndpointHandlerMapping     : Mapped "{[/actuator/error]}" onto public java.util.Map<java.lang.String, java.lang.Object> org.springframework.boot.actuate.endpoint.mvc.ManagementErrorEndpoint.invoke()
2015-10-29 11:53:23.006  INFO 7796 --- [main] o.s.b.a.e.mvc.EndpointHandlerMapping     : Mapped "{[/actuator/autoconfig],methods=[GET]}" onto public java.lang.Object org.springframework.boot.actuate.endpoint.mvc.EndpointMvcAdapter.invoke()
2015-10-29 11:53:23.020  INFO 7796 --- [main] o.s.w.s.handler.SimpleUrlHandlerMapping  : Mapped URL path [/webjars/**] onto handler of type [class org.springframework.web.servlet.resource.ResourceHttpRequestHandler]
2015-10-29 11:53:23.020  INFO 7796 --- [main] o.s.w.s.handler.SimpleUrlHandlerMapping  : Mapped URL path [/**] onto handler of type [class org.springframework.web.servlet.resource.ResourceHttpRequestHandler]
2015-10-29 11:53:23.031  INFO 7796 --- [main] s.w.s.m.m.a.RequestMappingHandlerAdapter : Looking for @ControllerAdvice: org.springframework.boot.context.embedded.AnnotationConfigEmbeddedWebApplicationContext@37b57b54: startup date [Thu Oct 29 11:53:22 EDT 2015]; parent: org.springframework.boot.context.embedded.AnnotationConfigEmbeddedWebApplicationContext@7f010382
2015-10-29 11:53:23.112  INFO 7796 --- [main] b.c.e.u.UndertowEmbeddedServletContainer : Undertow started on port(s) 2113 (http)
2015-10-29 11:53:23.116  INFO 7796 --- [main] o.s.c.support.DefaultLifecycleProcessor  : Starting beans in phase 0
2015-10-29 11:53:23.247  INFO 7796 --- [main] b.c.e.u.UndertowEmbeddedServletContainer : Undertow started on port(s) 2112 (http)
2015-10-29 11:53:23.250  INFO 7796 --- [main] com.example.ExampleApplication           : Started ExampleApplication in 3.412 seconds (JVM running for 3.773)
2015-10-29 11:53:30.927  INFO 7796 --- [XNIO-5 task-1] io.undertow.servlet                      : Initializing Spring FrameworkServlet 'dispatcherServlet'
2015-10-29 11:53:30.928  INFO 7796 --- [XNIO-5 task-1] o.s.web.servlet.DispatcherServlet        : FrameworkServlet 'dispatcherServlet': initialization started
2015-10-29 11:53:30.936  INFO 7796 --- [XNIO-5 task-1] o.s.web.servlet.DispatcherServlet        : FrameworkServlet 'dispatcherServlet': initialization completed in 8 ms
2015-10-29 11:53:30.960  INFO 7796 --- [XNIO-5 task-2] io.undertow.servlet                      : Initializing Spring FrameworkServlet 'dispatcherServlet'
2015-10-29 11:53:30.961  INFO 7796 --- [XNIO-5 task-2] o.s.web.servlet.DispatcherServlet        : FrameworkServlet 'dispatcherServlet': initialization started
2015-10-29 11:53:30.965  INFO 7796 --- [XNIO-5 task-2] o.s.web.servlet.DispatcherServlet        : FrameworkServlet 'dispatcherServlet': initialization completed in 4 ms
2015-10-29 11:55:11.139  INFO 7796 --- [RMI TCP Connection(2)-127.0.0.1] inMXBeanRegistrar$SpringApplicationAdmin : Application shutdown requested.
2015-10-29 11:55:11.140  INFO 7796 --- [RMI TCP Connection(2)-127.0.0.1] ationConfigEmbeddedWebApplicationContext : Closing org.springframework.boot.context.embedded.AnnotationConfigEmbeddedWebApplicationContext@7f010382: startup date [Thu Oct 29 11:53:20 EDT 2015]; root of context hierarchy
2015-10-29 11:55:11.140  INFO 7796 --- [RMI TCP Connection(2)-127.0.0.1] ationConfigEmbeddedWebApplicationContext : Closing org.springframework.boot.context.embedded.AnnotationConfigEmbeddedWebApplicationContext@37b57b54: startup date [Thu Oct 29 11:53:22 EDT 2015]; parent: org.springframework.boot.context.embedded.AnnotationConfigEmbeddedWebApplicationContext@7f010382
2015-10-29 11:55:11.142  INFO 7796 --- [RMI TCP Connection(2)-127.0.0.1] io.undertow.servlet                      : Destroying Spring FrameworkServlet 'dispatcherServlet'
2015-10-29 11:55:11.144  INFO 7796 --- [RMI TCP Connection(2)-127.0.0.1] o.s.c.support.DefaultLifecycleProcessor  : Stopping beans in phase 0
2015-10-29 11:55:11.148  INFO 7796 --- [RMI TCP Connection(2)-127.0.0.1] o.s.j.e.a.AnnotationMBeanExporter        : Unregistering JMX-exposed beans on shutdown
2015-10-29 11:55:11.150  INFO 7796 --- [RMI TCP Connection(2)-127.0.0.1] io.undertow.servlet                      : Destroying Spring FrameworkServlet 'dispatcherServlet'
